<?xml version="1.0" encoding="UTF-8"?>
<testsuite xmlns:xsi="http://www.w3.org/2001/XMLSchema-instance" xsi:noNamespaceSchemaLocation="https://maven.apache.org/surefire/maven-surefire-plugin/xsd/surefire-test-report.xsd" name="parallel.ParallelRun" time="134.083" tests="12" errors="0" skipped="0" failures="3">
  <properties>
[...]
</properties>
  <testcase name="runScenario" classname="parallel.ParallelRun" time="13.913"/>
  <testcase name="runScenario" classname="parallel.ParallelRun" time="6.153"/>
  <testcase name="runScenario" classname="parallel.ParallelRun" time="6.77">
    <failure message="The step &quot;finally click on List&quot; is undefined. You can implement it using the snippet(s) below:&#10;&#10;@Then(&quot;finally click on List&quot;)&#10;public void finally_click_on_list() {&#10;    // Write code here that turns the phrase above into concrete actions&#10;    throw new io.cucumber.java.PendingException();&#10;}&#10;" type="io.cucumber.testng.UndefinedStepException">io.cucumber.testng.UndefinedStepException: 
The step "finally click on List" is undefined. You can implement it using the snippet(s) below:

@Then("finally click on List")
public void finally_click_on_list() {
    // Write code here that turns the phrase above into concrete actions
    throw new io.cucumber.java.PendingException();
}

</failure>
    <system-out><![CDATA[
Scenario: View Appointments                       &amp#27;[90m# src/test/resources/parallel/appointmentpage.feature:20&amp#27;[0m
browser value is:chrome
login with: test-user26@rbg.in and 123456
  &amp#27;[32mGiven &amp#27;[0m&amp#27;[32muser has already logged in to application&amp#27;[0m &amp#27;[90m# parallel.DashboardPageSteps.user_has_already_logged_in_to_application(io.cucumber.datatable.DataTable)&amp#27;[0m
  &amp#27;[32mGiven &amp#27;[0m&amp#27;[32muser is on dashboard page&amp#27;[0m                 &amp#27;[90m# parallel.AppointmentPageSteps.user_is_on_dashboard_page()&amp#27;[0m
  &amp#27;[32mWhen &amp#27;[0m&amp#27;[32muser clicks on appointment section&amp#27;[0m         &amp#27;[90m# parallel.AppointmentPageSteps.user_clicks_on_appointment_section()&amp#27;[0m
  &amp#27;[32mThen &amp#27;[0m&amp#27;[32muser will see appointment screen&amp#27;[0m           &amp#27;[90m# parallel.AppointmentPageSteps.user_will_see_appointment_screen()&amp#27;[0m
  &amp#27;[32mAnd &amp#27;[0m&amp#27;[32mclick on Month tab&amp#27;[0m                          &amp#27;[90m# parallel.AppointmentPageSteps.click_on_month_tab()&amp#27;[0m
  &amp#27;[32mAnd &amp#27;[0m&amp#27;[32mclick on Week tab&amp#27;[0m                           &amp#27;[90m# parallel.AppointmentPageSteps.click_on_week_tab()&amp#27;[0m
  &amp#27;[32mAnd &amp#27;[0m&amp#27;[32mclick on Day tab&amp#27;[0m                            &amp#27;[90m# parallel.AppointmentPageSteps.click_on_day_tab()&amp#27;[0m
  &amp#27;[33mAnd &amp#27;[0m&amp#27;[33mfinally click on List&amp#27;[0m                       &amp#27;[90m# null&amp#27;[0m
]]></system-out>
    <system-err><![CDATA[Starting ChromeDriver 107.0.5304.62 (1eec40d3a5764881c92085aaee66d25075c159aa-refs/branch-heads/5304@{#942}) on port 4202
Only local connections are allowed.
Please see https://chromedriver.chromium.org/security-considerations for suggestions on keeping ChromeDriver safe.
ChromeDriver was started successfully.
Nov 08, 2022 11:20:17 PM org.openqa.selenium.remote.ProtocolHandshake createSession
INFO: Detected dialect: W3C
]]></system-err>
  </testcase>
  <testcase name="runScenario" classname="parallel.ParallelRun" time="6.35">
    <failure message="The step &quot;user will go to Contacts section&quot; is undefined. You can implement it using the snippet(s) below:&#10;&#10;@Then(&quot;user will go to Contacts section&quot;)&#10;public void user_will_go_to_contacts_section() {&#10;    // Write code here that turns the phrase above into concrete actions&#10;    throw new io.cucumber.java.PendingException();&#10;}&#10;" type="io.cucumber.testng.UndefinedStepException">io.cucumber.testng.UndefinedStepException: 
The step "user will go to Contacts section" is undefined. You can implement it using the snippet(s) below:

@Then("user will go to Contacts section")
public void user_will_go_to_contacts_section() {
    // Write code here that turns the phrase above into concrete actions
    throw new io.cucumber.java.PendingException();
}

</failure>
    <system-out><![CDATA[
Scenario: Create and check Appointments                            &amp#27;[90m# src/test/resources/parallel/appointmentpage.feature:29&amp#27;[0m
browser value is:chrome
login with: test-user26@rbg.in and 123456
  &amp#27;[32mGiven &amp#27;[0m&amp#27;[32muser has already logged in to application&amp#27;[0m                  &amp#27;[90m# parallel.DashboardPageSteps.user_has_already_logged_in_to_application(io.cucumber.datatable.DataTable)&amp#27;[0m
  &amp#27;[32mGiven &amp#27;[0m&amp#27;[32muser is on dashboard page&amp#27;[0m                                  &amp#27;[90m# parallel.AppointmentPageSteps.user_is_on_dashboard_page()&amp#27;[0m
  &amp#27;[32mWhen &amp#27;[0m&amp#27;[32muser clicks on appointment section&amp#27;[0m                          &amp#27;[90m# parallel.AppointmentPageSteps.user_clicks_on_appointment_section()&amp#27;[0m
  &amp#27;[32mThen &amp#27;[0m&amp#27;[32muser will see appointment screen&amp#27;[0m                            &amp#27;[90m# parallel.AppointmentPageSteps.user_will_see_appointment_screen()&amp#27;[0m
  &amp#27;[32mAnd &amp#27;[0m&amp#27;[32muser will click on create appointment&amp#27;[0m                        &amp#27;[90m# parallel.AppointmentPageSteps.user_will_click_on_create_appointment()&amp#27;[0m
  &amp#27;[32mThen &amp#27;[0m&amp#27;[32muser will enter the appointment details and click on submit&amp#27;[0m &amp#27;[90m# parallel.AppointmentPageSteps.user_will_enter_the_appointment_details_and_click_on_submit()&amp#27;[0m
  &amp#27;[33mAnd &amp#27;[0m&amp#27;[33muser will go to Contacts section&amp#27;[0m                             &amp#27;[90m# null&amp#27;[0m
  &amp#27;[36mAnd &amp#27;[0m&amp#27;[36msearch for the contact whose appointment was created&amp#27;[0m         &amp#27;[90m# null&amp#27;[0m
  &amp#27;[36mThen &amp#27;[0m&amp#27;[36muser will click on that contact&amp#27;[0m                             &amp#27;[90m# parallel.AppointmentPageSteps.user_will_click_on_that_contact()&amp#27;[0m
  &amp#27;[36mAnd &amp#27;[0m&amp#27;[36min contact modal user will click on Appointment section&amp#27;[0m      &amp#27;[90m# null&amp#27;[0m
  &amp#27;[36mAnd &amp#27;[0m&amp#27;[36mthe appoinments created should show&amp#27;[0m                          &amp#27;[90m# null&amp#27;[0m
]]></system-out>
    <system-err><![CDATA[Starting ChromeDriver 107.0.5304.62 (1eec40d3a5764881c92085aaee66d25075c159aa-refs/branch-heads/5304@{#942}) on port 31757
Only local connections are allowed.
Please see https://chromedriver.chromium.org/security-considerations for suggestions on keeping ChromeDriver safe.
ChromeDriver was started successfully.
Nov 08, 2022 11:20:24 PM org.openqa.selenium.remote.ProtocolHandshake createSession
INFO: Detected dialect: W3C
]]></system-err>
  </testcase>
  <testcase name="runScenario" classname="parallel.ParallelRun" time="16.249"/>
  <testcase name="runScenario" classname="parallel.ParallelRun" time="37.547"/>
  <testcase name="runScenario" classname="parallel.ParallelRun" time="3.631">
    <failure message="no such element: Unable to locate element: {&quot;method&quot;:&quot;xpath&quot;,&quot;selector&quot;:&quot;//input[@name=&apos;email&apos;]&quot;}&#10;  (Session info: headless chrome=107.0.5304.88)&#10;For documentation on this error, please visit: https://www.seleniumhq.org/exceptions/no_such_element.html&#10;Build info: version: &apos;3.141.59&apos;, revision: &apos;e82be7d358&apos;, time: &apos;2018-11-14T08:17:03&apos;&#10;System info: host: &apos;DESKTOP-C3NVCIR&apos;, ip: &apos;192.168.56.1&apos;, os.name: &apos;Windows 10&apos;, os.arch: &apos;amd64&apos;, os.version: &apos;10.0&apos;, java.version: &apos;11.0.15&apos;&#10;Driver info: org.openqa.selenium.chrome.ChromeDriver&#10;Capabilities {acceptInsecureCerts: false, browserName: chrome, browserVersion: 107.0.5304.88, chrome: {chromedriverVersion: 107.0.5304.62 (1eec40d3a576..., userDataDir: C:\Users\Pratim\AppData\Loc...}, goog:chromeOptions: {debuggerAddress: localhost:50198}, javascriptEnabled: true, networkConnectionEnabled: false, pageLoadStrategy: normal, platform: WINDOWS, platformName: WINDOWS, proxy: Proxy(), setWindowRect: true, strictFileInteractability: false, timeouts: {implicit: 0, pageLoad: 300000, script: 30000}, unhandledPromptBehavior: dismiss and notify, webauthn:extension:credBlob: true, webauthn:extension:largeBlob: true, webauthn:virtualAuthenticators: true}&#10;Session ID: 750fe6a5a4988968690c551650c6a7db&#10;*** Element info: {Using=xpath, value=//input[@name=&apos;email&apos;]}" type="org.openqa.selenium.NoSuchElementException">org.openqa.selenium.NoSuchElementException: 
no such element: Unable to locate element: {"method":"xpath","selector":"//input[@name='email']"}
  (Session info: headless chrome=107.0.5304.88)
For documentation on this error, please visit: https://www.seleniumhq.org/exceptions/no_such_element.html
Build info: version: '3.141.59', revision: 'e82be7d358', time: '2018-11-14T08:17:03'
System info: host: 'DESKTOP-C3NVCIR', ip: '192.168.56.1', os.name: 'Windows 10', os.arch: 'amd64', os.version: '10.0', java.version: '11.0.15'
Driver info: org.openqa.selenium.chrome.ChromeDriver
Capabilities {acceptInsecureCerts: false, browserName: chrome, browserVersion: 107.0.5304.88, chrome: {chromedriverVersion: 107.0.5304.62 (1eec40d3a576..., userDataDir: C:\Users\Pratim\AppData\Loc...}, goog:chromeOptions: {debuggerAddress: localhost:50198}, javascriptEnabled: true, networkConnectionEnabled: false, pageLoadStrategy: normal, platform: WINDOWS, platformName: WINDOWS, proxy: Proxy(), setWindowRect: true, strictFileInteractability: false, timeouts: {implicit: 0, pageLoad: 300000, script: 30000}, unhandledPromptBehavior: dismiss and notify, webauthn:extension:credBlob: true, webauthn:extension:largeBlob: true, webauthn:virtualAuthenticators: true}
Session ID: 750fe6a5a4988968690c551650c6a7db
*** Element info: {Using=xpath, value=//input[@name='email']}
</failure>
    <system-out><![CDATA[
Scenario: As a gym owner he/she should be able to add the gym details for first time &amp#27;[90m# src/test/resources/parallel/gymdetailspage.feature:8&amp#27;[0m
browser value is:chrome
login with: test-user26@rbg.in and 123456
  &amp#27;[31mGiven &amp#27;[0m&amp#27;[31muser has already logged in to application&amp#27;[0m                                    &amp#27;[90m# parallel.DashboardPageSteps.user_has_already_logged_in_to_application(io.cucumber.datatable.DataTable)&amp#27;[0m
      &amp#27;[31morg.openqa.selenium.NoSuchElementException: no such element: Unable to locate element: {"method":"xpath","selector":"//input[@name='email']"}
  (Session info: headless chrome=107.0.5304.88)
For documentation on this error, please visit: https://www.seleniumhq.org/exceptions/no_such_element.html
Build info: version: '3.141.59', revision: 'e82be7d358', time: '2018-11-14T08:17:03'
System info: host: 'DESKTOP-C3NVCIR', ip: '192.168.56.1', os.name: 'Windows 10', os.arch: 'amd64', os.version: '10.0', java.version: '11.0.15'
Driver info: org.openqa.selenium.chrome.ChromeDriver
Capabilities {acceptInsecureCerts: false, browserName: chrome, browserVersion: 107.0.5304.88, chrome: {chromedriverVersion: 107.0.5304.62 (1eec40d3a576..., userDataDir: C:\Users\Pratim\AppData\Loc...}, goog:chromeOptions: {debuggerAddress: localhost:50198}, javascriptEnabled: true, networkConnectionEnabled: false, pageLoadStrategy: normal, platform: WINDOWS, platformName: WINDOWS, proxy: Proxy(), setWindowRect: true, strictFileInteractability: false, timeouts: {implicit: 0, pageLoad: 300000, script: 30000}, unhandledPromptBehavior: dismiss and notify, webauthn:extension:credBlob: true, webauthn:extension:largeBlob: true, webauthn:virtualAuthenticators: true}
Session ID: 750fe6a5a4988968690c551650c6a7db
*** Element info: {Using=xpath, value=//input[@name='email']}
	at java.base/jdk.internal.reflect.NativeConstructorAccessorImpl.newInstance0(Native Method)
	at java.base/jdk.internal.reflect.NativeConstructorAccessorImpl.newInstance(NativeConstructorAccessorImpl.java:62)
	at java.base/jdk.internal.reflect.DelegatingConstructorAccessorImpl.newInstance(DelegatingConstructorAccessorImpl.java:45)
	at java.base/java.lang.reflect.Constructor.newInstance(Constructor.java:490)
	at org.openqa.selenium.remote.http.W3CHttpResponseCodec.createException(W3CHttpResponseCodec.java:187)
	at org.openqa.selenium.remote.http.W3CHttpResponseCodec.decode(W3CHttpResponseCodec.java:122)
	at org.openqa.selenium.remote.http.W3CHttpResponseCodec.decode(W3CHttpResponseCodec.java:49)
	at org.openqa.selenium.remote.HttpCommandExecutor.execute(HttpCommandExecutor.java:158)
	at org.openqa.selenium.remote.service.DriverCommandExecutor.execute(DriverCommandExecutor.java:83)
	at org.openqa.selenium.remote.RemoteWebDriver.execute(RemoteWebDriver.java:552)
	at org.openqa.selenium.remote.RemoteWebDriver.findElement(RemoteWebDriver.java:323)
	at org.openqa.selenium.remote.RemoteWebDriver.findElementByXPath(RemoteWebDriver.java:428)
	at org.openqa.selenium.By$ByXPath.findElement(By.java:353)
	at org.openqa.selenium.remote.RemoteWebDriver.findElement(RemoteWebDriver.java:315)
	at com.pages.LoginPage.doLogin(LoginPage.java:48)
	at parallel.DashboardPageSteps.user_has_already_logged_in_to_application(DashboardPageSteps.java:34)
	at âœ½.user has already logged in to application(file:///C:/Users/Pratim/eclipse-workspace/RBG_Hybrid/src/test/resources/parallel/gymdetailspage.feature:4)
&amp#27;[0m
  &amp#27;[36mGiven &amp#27;[0m&amp#27;[36mUser Launch Chrome browser&amp#27;[0m                                                   &amp#27;[90m# parallel.GymDetailsPageSteps.user_launch_chrome_browser()&amp#27;[0m
  &amp#27;[36mWhen &amp#27;[0m&amp#27;[36mUser Opens URL "&amp#27;[0m&amp#27;[36m&amp#27;[1mhttps://www.redbeltgym.com&amp#27;[0m&amp#27;[36m"&amp#27;[0m                                   &amp#27;[90m# parallel.GymDetailsPageSteps.user_opens_url_something(java.lang.String)&amp#27;[0m
  &amp#27;[36mThen &amp#27;[0m&amp#27;[36mPage Title should be "&amp#27;[0m&amp#27;[36m&amp#27;[1mRed Belt Gym - Login&amp#27;[0m&amp#27;[36m"&amp#27;[0m                                   &amp#27;[90m# parallel.GymDetailsPageSteps.page_title_should_be_something(java.lang.String)&amp#27;[0m
  &amp#27;[36mAnd &amp#27;[0m&amp#27;[36mUser will Enter Email as "&amp#27;[0m&amp#27;[36m&amp#27;[1mtest-user26@rbg.in&amp#27;[0m&amp#27;[36m" and Password as "&amp#27;[0m&amp#27;[36m&amp#27;[1m123456&amp#27;[0m&amp#27;[36m"&amp#27;[0m         &amp#27;[90m# parallel.GymDetailsPageSteps.user_will_enter_email_as_something_and_password_as_something(java.lang.String,java.lang.String)&amp#27;[0m
  &amp#27;[36mAnd &amp#27;[0m&amp#27;[36mUser will click on Login button&amp#27;[0m                                                &amp#27;[90m# parallel.GymDetailsPageSteps.user_will_click_on_login_button()&amp#27;[0m
  &amp#27;[36mThen &amp#27;[0m&amp#27;[36mUser will click on general settings&amp#27;[0m                                           &amp#27;[90m# parallel.GymDetailsPageSteps.user_will_click_on_general_settings()&amp#27;[0m
  &amp#27;[36mAnd &amp#27;[0m&amp#27;[36mUser will click on gym details&amp#27;[0m                                                 &amp#27;[90m# parallel.GymDetailsPageSteps.user_will_click_on_gym_details()&amp#27;[0m
  &amp#27;[36mAnd &amp#27;[0m&amp#27;[36mAccordingly User will click on Edit button&amp#27;[0m                                     &amp#27;[90m# parallel.GymDetailsPageSteps.accordingly_user_will_click_on_edit_button()&amp#27;[0m
  &amp#27;[36mThen &amp#27;[0m&amp#27;[36mUser will fill up all fields&amp#27;[0m                                                  &amp#27;[90m# parallel.GymDetailsPageSteps.user_will_fill_up_all_fields()&amp#27;[0m
  &amp#27;[36mAnd &amp#27;[0m&amp#27;[36mFinally click on Save&amp#27;[0m                                                          &amp#27;[90m# parallel.GymDetailsPageSteps.finally_click_on_save()&amp#27;[0m
]]></system-out>
    <system-err><![CDATA[Starting ChromeDriver 107.0.5304.62 (1eec40d3a5764881c92085aaee66d25075c159aa-refs/branch-heads/5304@{#942}) on port 34827
Only local connections are allowed.
Please see https://chromedriver.chromium.org/security-considerations for suggestions on keeping ChromeDriver safe.
ChromeDriver was started successfully.
Nov 08, 2022 11:21:24 PM org.openqa.selenium.remote.ProtocolHandshake createSession
INFO: Detected dialect: W3C
]]></system-err>
  </testcase>
  <testcase name="runScenario" classname="parallel.ParallelRun" time="6.224"/>
  <testcase name="runScenario" classname="parallel.ParallelRun" time="7.945"/>
  <testcase name="runScenario" classname="parallel.ParallelRun" time="4.256"/>
  <testcase name="runScenario" classname="parallel.ParallelRun" time="5.871"/>
  <testcase name="runScenario" classname="parallel.ParallelRun" time="7.722"/>
</testsuite>